<?xml version="1.0" encoding="UTF-8"?>
<!-- Generated by org.testng.reporters.JUnitReportReporter -->
<testsuite skipped="0" hostname="DESKTOP-SB82VO4" name="org.testng.Practice1" tests="1" failures="0" timestamp="11 Oct 2021 18:35:13 GMT" time="0.022" errors="0">
  <testcase name="case4" time="0.022" classname="org.testng.Practice1"/>
</testsuite> <!-- org.testng.Practice1 -->
