<?xml version="1.0" encoding="UTF-8"?>
<!-- Generated by org.testng.reporters.JUnitReportReporter -->
<testsuite skipped="0" hostname="DESKTOP-SB82VO4" name="org.testng.TestngEx1" tests="1" failures="0" timestamp="06 Oct 2021 18:13:12 GMT" time="0.000" errors="0">
  <testcase name="tc3" time="0.000" classname="org.testng.TestngEx1"/>
</testsuite> <!-- org.testng.TestngEx1 -->
