<?xml version="1.0" encoding="UTF-8"?>
<!-- Generated by org.testng.reporters.JUnitReportReporter -->
<testsuite skipped="0" hostname="DESKTOP-SB82VO4" name="org.Junit.JunitPractice" tests="6" failures="0" timestamp="08 Oct 2021 01:42:03 GMT" time="7.516" errors="0">
  <testcase name="Tc1" time="0.724" classname="org.Junit.JunitPractice"/>
  <testcase name="Tc1" time="0.764" classname="org.Junit.JunitPractice"/>
  <testcase name="Tc1" time="0.729" classname="org.Junit.JunitPractice"/>
  <testcase name="Tc1" time="1.118" classname="org.Junit.JunitPractice"/>
  <testcase name="Tc1" time="0.736" classname="org.Junit.JunitPractice"/>
  <testcase name="Tc1" time="3.445" classname="org.Junit.JunitPractice"/>
</testsuite> <!-- org.Junit.JunitPractice -->
