<?xml version="1.0" encoding="UTF-8"?>
<!-- Generated by org.testng.reporters.JUnitReportReporter -->
<testsuite skipped="0" hostname="DESKTOP-SB82VO4" name="org.testng.Practice2" tests="1" failures="0" timestamp="11 Oct 2021 18:35:13 GMT" time="0.004" errors="0">
  <testcase name="case2" time="0.004" classname="org.testng.Practice2"/>
</testsuite> <!-- org.testng.Practice2 -->
