<?xml version="1.0" encoding="UTF-8"?>
<!-- Generated by org.testng.reporters.JUnitReportReporter -->
<testsuite skipped="0" hostname="DESKTOP-SB82VO4" name="org.testng.ParallelExecution" tests="1" failures="0" timestamp="12 Oct 2021 11:57:19 GMT" time="5.497" errors="0">
  <testcase name="openChromeGoogle" time="5.497" classname="org.testng.ParallelExecution"/>
</testsuite> <!-- org.testng.ParallelExecution -->
