<?xml version="1.0" encoding="UTF-8"?>
<!-- Generated by org.testng.reporters.JUnitReportReporter -->
<testsuite skipped="0" hostname="DESKTOP-SB82VO4" name="org.testng.PracticeGrouping1" tests="1" failures="0" timestamp="11 Oct 2021 18:45:15 GMT" time="0.015" errors="0">
  <testcase name="case4" time="0.015" classname="org.testng.PracticeGrouping1"/>
</testsuite> <!-- org.testng.PracticeGrouping1 -->
