<?xml version="1.0" encoding="UTF-8"?>
<!-- Generated by org.testng.reporters.JUnitReportReporter -->
<testsuite skipped="0" hostname="DESKTOP-SB82VO4" name="org.Junit.TestngPractice" tests="3" failures="0" timestamp="11 Oct 2021 09:39:03 GMT" time="23.337" errors="0">
  <testcase name="OpenGoogle" time="7.778" classname="org.Junit.TestngPractice"/>
  <testcase name="openYoutube" time="10.850" classname="org.Junit.TestngPractice"/>
  <testcase name="openYahoo" time="4.709" classname="org.Junit.TestngPractice"/>
</testsuite> <!-- org.Junit.TestngPractice -->
