<?xml version="1.0" encoding="UTF-8"?>
<!-- Generated by org.testng.reporters.JUnitReportReporter -->
<testsuite skipped="0" hostname="DESKTOP-SB82VO4" name="org.Junit.JunitTask" tests="3" failures="0" timestamp="11 Oct 2021 09:25:18 GMT" time="41.021" errors="0">
  <testcase name="openYoutube" time="13.446" classname="org.Junit.JunitTask"/>
  <testcase name="OpenGoogle" time="22.666" classname="org.Junit.JunitTask"/>
  <testcase name="openYahoo" time="4.909" classname="org.Junit.JunitTask"/>
</testsuite> <!-- org.Junit.JunitTask -->
