<?xml version="1.0" encoding="UTF-8"?>
<!-- Generated by org.testng.reporters.JUnitReportReporter -->
<testsuite skipped="0" hostname="DESKTOP-SB82VO4" name="org.testng.PracticeGrouping2" tests="7" failures="0" timestamp="15 Oct 2021 06:40:21 GMT" time="0.052" errors="0">
  <testcase name="case5" time="0.000" classname="org.testng.PracticeGrouping2"/>
  <testcase name="case6" time="0.008" classname="org.testng.PracticeGrouping2"/>
  <testcase name="case6" time="0.008" classname="org.testng.PracticeGrouping2"/>
  <testcase name="case6" time="0.006" classname="org.testng.PracticeGrouping2"/>
  <testcase name="case2" time="0.015" classname="org.testng.PracticeGrouping2"/>
  <testcase name="case6" time="0.007" classname="org.testng.PracticeGrouping2"/>
  <testcase name="case6" time="0.008" classname="org.testng.PracticeGrouping2"/>
</testsuite> <!-- org.testng.PracticeGrouping2 -->
